2017-10-24 15:41:31,856  INFO [main] - Home.Home.getData 18 - ---------------------------------------
Starting program
-------------------------------------
2017-10-24 15:41:35,414  INFO [main] - Home.Home.getData 30 - User gives this option: 1
2017-10-24 15:42:21,672  INFO [main] - Home.Home.getData 18 - ---------------------------------------
Starting program
-------------------------------------
2017-10-24 15:42:23,196  INFO [main] - Home.Home.getData 30 - User gives this option: 1
2017-10-24 15:42:28,651  INFO [main] - Home.Home.getData 18 - ---------------------------------------
Starting program
-------------------------------------
2017-10-24 15:42:30,841  INFO [main] - Home.Home.getData 30 - User gives this option: 2
2017-10-24 15:47:22,294  INFO [main] - Home.Home.getData 18 - ---------------------------------------
Starting program
-------------------------------------
2017-10-24 15:47:38,203  INFO [main] - Home.Home.getData 29 - User gives this option: 8
2017-10-24 15:47:42,995  INFO [main] - Home.Home.getData 29 - User gives this option: 99
2017-10-24 15:47:51,502  INFO [main] - Home.Home.getData 29 - User gives this option: 2
2017-10-24 15:49:43,216  INFO [main] - Home.Home.getData 18 - ---------------------------------------
Starting program
-------------------------------------
2017-10-24 15:49:46,488  INFO [main] - Home.Home.getData 29 - User gives this option: 1
2017-10-24 15:49:46,491  INFO [main] - Home.Home.getData 18 - ---------------------------------------
Starting program
-------------------------------------
2017-10-24 15:49:48,984  INFO [main] - Home.Home.getData 29 - User gives this option: 2
2017-10-24 15:49:55,202  INFO [main] - Home.Home.getData 18 - ---------------------------------------
Starting program
-------------------------------------
2017-10-24 15:49:57,661  INFO [main] - Home.Home.getData 29 - User gives this option: 2
2017-10-24 15:49:57,673  INFO [main] - Home.Home.getData 18 - ---------------------------------------
Starting program
-------------------------------------
2017-10-24 15:49:59,542  INFO [main] - Home.Home.getData 29 - User gives this option: 2
2017-10-24 15:50:16,944  INFO [main] - Home.Home.getData 18 - ---------------------------------------
Starting program
-------------------------------------
2017-10-24 15:50:20,186  INFO [main] - Home.Home.getData 29 - User gives this option: 3
2017-10-24 15:50:22,386  INFO [main] - Home.Home.getData 29 - User gives this option: 5
2017-10-24 15:50:25,573  INFO [main] - Home.Home.getData 29 - User gives this option: 2
2017-10-24 15:50:25,585  INFO [main] - Home.Home.getData 18 - ---------------------------------------
Starting program
-------------------------------------
2017-10-24 15:50:27,395  INFO [main] - Home.Home.getData 29 - User gives this option: 1
2017-10-24 15:51:19,008  INFO [main] - Home.Home.getData 18 - ---------------------------------------
Starting program
-------------------------------------
2017-10-24 15:51:22,586  INFO [main] - Home.Home.getData 29 - User gives this option: 2
2017-10-24 15:51:22,597  INFO [main] - Home.Home.getData 18 - ---------------------------------------
Starting program
-------------------------------------
2017-10-24 15:51:25,771  INFO [main] - Home.Home.getData 29 - User gives this option: 1
2017-10-24 15:51:37,303  INFO [main] - Home.Home.getData 18 - ---------------------------------------
Starting program
-------------------------------------
2017-10-24 15:51:42,346  INFO [main] - Home.Home.getData 29 - User gives this option: 1
2017-10-24 15:51:46,094  INFO [main] - Home.Home.getData 18 - ---------------------------------------
Starting program
-------------------------------------
2017-10-24 15:51:53,497  INFO [main] - Home.Home.getData 29 - User gives this option: 2
2017-10-24 16:21:52,585  INFO [main] - Home.Home.getData 16 - ---------------------------------------
Starting program
-------------------------------------
2017-10-24 16:22:06,176  INFO [main] - Home.Home.getData 16 - ---------------------------------------
Starting program
-------------------------------------
2017-10-24 16:22:09,408  INFO [main] - Home.Home.getData 27 - User gives this option: 1
2017-10-24 16:22:09,411  INFO [main] - Home.Home.getData 16 - ---------------------------------------
Starting program
-------------------------------------
2017-10-24 16:22:10,904  INFO [main] - Home.Home.getData 27 - User gives this option: 2
2017-10-24 16:59:12,121  INFO [main] - Home.Home.getDays 47 - Inside days calculator
2017-10-24 16:59:19,354  INFO [main] - Home.Home.getDays 47 - Inside days calculator
2017-10-24 17:03:14,567  INFO [main] - Home.Home.getDays 47 - Inside days calculator
2017-10-24 17:03:19,591  INFO [main] - Home.Home.getDays 47 - Inside days calculator
2017-10-24 17:03:24,594  INFO [main] - Home.Home.getDays 47 - Inside days calculator
2017-10-24 17:03:29,601  INFO [main] - Home.Home.getDays 47 - Inside days calculator
2017-10-24 17:03:34,606  INFO [main] - Home.Home.getDays 47 - Inside days calculator
2017-10-24 17:03:39,611  INFO [main] - Home.Home.getDays 47 - Inside days calculator
2017-10-24 17:03:44,629  INFO [main] - Home.Home.getDays 47 - Inside days calculator
2017-10-24 17:03:49,649  INFO [main] - Home.Home.getDays 47 - Inside days calculator
2017-10-24 17:03:54,656  INFO [main] - Home.Home.getDays 47 - Inside days calculator
2017-10-24 17:03:59,664  INFO [main] - Home.Home.getDays 47 - Inside days calculator
2017-10-24 17:04:04,672  INFO [main] - Home.Home.getDays 47 - Inside days calculator
2017-10-24 17:04:09,679  INFO [main] - Home.Home.getDays 47 - Inside days calculator
2017-10-24 17:04:14,698  INFO [main] - Home.Home.getDays 47 - Inside days calculator
2017-10-24 17:04:19,719  INFO [main] - Home.Home.getDays 47 - Inside days calculator
2017-10-24 17:04:24,720  INFO [main] - Home.Home.getDays 47 - Inside days calculator
2017-10-24 17:04:29,728  INFO [main] - Home.Home.getDays 47 - Inside days calculator
2017-10-24 17:04:34,736  INFO [main] - Home.Home.getDays 47 - Inside days calculator
2017-10-24 20:13:21,150  INFO [main] - Home.Home.getDays 47 - Inside days calculator
2017-10-24 20:13:21,159  INFO [main] - Home.Home.getData 17 - ---------------------------------------
Starting program
-------------------------------------
2017-10-24 20:13:45,922  INFO [main] - Home.Home.getData 28 - User gives this option: 1
2017-10-24 20:13:45,924  INFO [main] - Home.Home.getData 17 - ---------------------------------------
Starting program
-------------------------------------
2017-10-24 20:13:48,927  INFO [main] - Home.Home.getData 28 - User gives this option: 2
2017-10-24 20:15:03,078  INFO [main] - Home.Home.getDays 47 - Inside days calculator
2017-10-24 20:15:03,086  INFO [main] - Home.Home.getData 17 - ---------------------------------------
Starting program
-------------------------------------
2017-10-24 20:15:10,835  INFO [main] - Home.Home.getData 28 - User gives this option: 1
2017-10-24 20:15:10,836  INFO [main] - Home.Home.getData 17 - ---------------------------------------
Starting program
-------------------------------------
2017-10-24 20:15:15,337  INFO [main] - Home.Home.getData 28 - User gives this option: 2
2017-10-24 20:15:49,508  INFO [main] - Home.Home.getDays 47 - Inside days calculator
2017-10-24 20:15:49,524  INFO [main] - Home.Home.getData 17 - ---------------------------------------
Starting program
-------------------------------------
2017-10-24 20:16:44,270  INFO [main] - Home.Home.getDays 47 - Inside days calculator
2017-10-24 20:16:44,278  INFO [main] - Home.Home.getData 17 - ---------------------------------------
Starting program
-------------------------------------
2017-10-24 20:18:03,849  INFO [main] - Home.Home.getDays 47 - Inside days calculator
2017-10-24 20:18:23,749  INFO [main] - Home.Home.getDays 47 - Inside days calculator
2017-10-24 20:18:23,759  INFO [main] - Home.Home.getData 17 - ---------------------------------------
Starting program
-------------------------------------
2017-10-24 20:19:03,857  INFO [main] - Home.Home.getDays 47 - Inside days calculator
2017-10-24 20:19:23,759  INFO [main] - Home.Home.getDays 47 - Inside days calculator
2017-10-24 20:19:23,760  INFO [main] - Home.Home.getData 17 - ---------------------------------------
Starting program
-------------------------------------
2017-10-24 20:19:55,025  INFO [main] - Home.Home.getData 17 - ---------------------------------------
Starting program
-------------------------------------
2017-10-24 20:20:04,974  INFO [main] - Home.Home.getData 28 - User gives this option: 1
2017-10-24 20:20:24,978  INFO [main] - Home.Home.getDays 47 - Inside days calculator
2017-10-24 20:20:44,579  INFO [main] - Home.Home.getDays 47 - Inside days calculator
2017-10-24 20:20:44,580  INFO [main] - Home.Home.getData 17 - ---------------------------------------
Starting program
-------------------------------------
2017-10-24 20:21:08,261  INFO [main] - Home.Home.getData 17 - ---------------------------------------
Starting program
-------------------------------------
2017-10-24 20:21:48,446  INFO [main] - Home.Home.getData 17 - ---------------------------------------
Starting program
-------------------------------------
2017-10-24 20:22:15,461  INFO [main] - Home.Home.getData 17 - ---------------------------------------
Starting program
-------------------------------------
2017-10-24 20:24:12,635  INFO [main] - Home.Home.getDays 47 - Inside days calculator
2017-10-24 20:24:32,244  INFO [main] - Home.Home.getDays 47 - Inside days calculator
2017-10-24 20:24:32,245  INFO [main] - Home.Home.getData 17 - ---------------------------------------
Starting program
-------------------------------------
2017-10-24 20:25:14,462  INFO [main] - Home.Home.getDays 47 - Inside days calculator
2017-10-24 20:25:33,970  INFO [main] - Home.Home.getDays 47 - Inside days calculator
2017-10-24 20:25:33,979  INFO [main] - Home.Home.getData 17 - ---------------------------------------
Starting program
-------------------------------------
2017-10-24 20:25:50,853  INFO [main] - Home.Home.getData 28 - User gives this option: 1
2017-10-24 20:25:50,854  INFO [main] - Home.Home.getData 17 - ---------------------------------------
Starting program
-------------------------------------
2017-10-24 20:25:54,550  INFO [main] - Home.Home.getData 28 - User gives this option: 2
2017-10-24 20:27:58,881  INFO [main] - Home.Home.getDays 47 - Inside days calculator
2017-10-24 20:28:18,392  INFO [main] - Home.Home.getDays 47 - Inside days calculator
2017-10-24 20:28:18,393  INFO [main] - Home.Home.getData 17 - ---------------------------------------
Starting program
-------------------------------------
2017-10-24 20:28:50,612  INFO [main] - Home.Home.getData 28 - User gives this option: 1
2017-10-24 20:28:50,614  INFO [main] - Home.Home.getData 17 - ---------------------------------------
Starting program
-------------------------------------
2017-10-24 21:07:49,858  INFO [main] - Home.clerk.Validation 9 - Inside clerk class
2017-10-24 21:08:01,573  INFO [main] - Home.clerk.Validation 28 - User gives this option: 2
2017-10-24 21:08:01,589  INFO [main] - Home.Home.getData 17 - ---------------------------------------
Starting program
-------------------------------------
2017-10-24 21:08:05,028  INFO [main] - Home.Home.getData 28 - User gives this option: 2
2017-10-24 21:08:16,086  INFO [main] - Home.clerk.Validation 9 - Inside clerk class
2017-10-24 21:08:29,759  INFO [main] - Home.clerk.Validation 28 - User gives this option: 1
2017-10-24 21:08:29,759  INFO [main] - Home.clerk.Validation 9 - Inside clerk class
2017-10-24 21:08:32,362  INFO [main] - Home.clerk.Validation 45 - Clerk is authenticated
2017-10-24 21:10:17,983  INFO [main] - Home.clerk.Validation 9 - Inside clerk class
2017-10-24 21:10:23,088  INFO [main] - Home.clerk.Validation 28 - User gives this option: 1
2017-10-24 21:10:23,088  INFO [main] - Home.clerk.Validation 9 - Inside clerk class
2017-10-24 21:10:25,388  INFO [main] - Home.clerk.Validation 45 - Clerk is authenticated
2017-10-24 21:10:32,136  INFO [main] - Home.clerk.Validation 9 - Inside clerk class
2017-10-24 21:10:35,439  INFO [main] - Home.clerk.Validation 45 - Clerk is authenticated
2017-10-24 21:13:45,800  INFO [main] - Home.clerk.Validation 9 - Inside clerk class
2017-10-24 21:13:50,083  INFO [main] - Home.clerk.Validation 28 - User gives this option: 1
2017-10-24 21:13:50,083  INFO [main] - Home.clerk.Validation 9 - Inside clerk class
2017-10-24 21:13:51,755  INFO [main] - Home.clerk.Validation 45 - Clerk is authenticated
2017-10-24 21:13:58,294  INFO [main] - Home.clerk.Validation 9 - Inside clerk class
2017-10-24 21:14:04,559  INFO [main] - Home.clerk.Validation 28 - User gives this option: 2
2017-10-24 21:14:04,559  INFO [main] - Home.Home.getData 17 - ---------------------------------------
Starting program
-------------------------------------
2017-10-24 21:14:06,208  INFO [main] - Home.Home.getData 28 - User gives this option: 2
2017-10-24 21:14:08,824  INFO [main] - Home.clerk.Validation 9 - Inside clerk class
2017-10-24 21:14:18,269  INFO [main] - Home.clerk.Validation 28 - User gives this option: 54451
2017-10-24 21:14:18,269  INFO [main] - Home.clerk.Validation 9 - Inside clerk class
2017-10-24 21:14:45,608  INFO [main] - Home.clerk.Validation 45 - Clerk is authenticated
2017-10-24 21:15:13,483  INFO [main] - Home.clerk.Validation 9 - Inside clerk class
2017-10-24 21:15:17,738  INFO [main] - Home.clerk.Validation 28 - User gives this option: 13
2017-10-24 21:15:17,738  INFO [main] - Home.clerk.Validation 9 - Inside clerk class
2017-10-24 21:15:19,804  INFO [main] - Home.clerk.Validation 28 - User gives this option: 1312
2017-10-24 21:15:19,804  INFO [main] - Home.clerk.Validation 9 - Inside clerk class
2017-10-24 21:15:29,016  INFO [main] - Home.clerk.Validation 28 - User gives this option: 1
2017-10-24 21:15:29,016  INFO [main] - Home.clerk.Validation 9 - Inside clerk class
2017-10-24 21:15:30,917  INFO [main] - Home.clerk.Validation 45 - Clerk is authenticated
2017-10-24 21:15:37,619  INFO [main] - Home.clerk.Validation 9 - Inside clerk class
2017-10-24 21:15:43,386  INFO [main] - Home.clerk.Validation 28 - User gives this option: 13
2017-10-24 21:15:43,386  INFO [main] - Home.clerk.Validation 9 - Inside clerk class
2017-10-24 21:15:46,714  INFO [main] - Home.clerk.Validation 45 - Clerk is authenticated
